<?xml version="1.0" encoding="UTF-8"?>
<testng-results ignored="0" total="1" passed="1" failed="0" skipped="0">
  <reporter-output>
  </reporter-output>
  <suite started-at="2020-09-06T14:45:44 EET" name="Default suite" finished-at="2020-09-06T14:45:46 EET" duration-ms="2411">
    <groups>
    </groups>
    <test started-at="2020-09-06T14:45:44 EET" name="Default test" finished-at="2020-09-06T14:45:46 EET" duration-ms="2411">
      <class name="ApiTests.OMDBApiTest">
        <test-method is-config="true" signature="CreateApiSettings()[pri:0, instance:ApiTests.OMDBApiTest@55b53d44]" started-at="2020-09-06T14:45:44 EET" name="CreateApiSettings" finished-at="2020-09-06T14:45:44 EET" duration-ms="599" status="PASS">
          <reporter-output>
          </reporter-output>
        </test-method> <!-- CreateApiSettings -->
        <test-method signature="checkMovie()[pri:0, instance:ApiTests.OMDBApiTest@55b53d44]" started-at="2020-09-06T14:45:44 EET" name="checkMovie" finished-at="2020-09-06T14:45:46 EET" duration-ms="1785" status="PASS">
          <reporter-output>
          </reporter-output>
        </test-method> <!-- checkMovie -->
      </class> <!-- ApiTests.OMDBApiTest -->
    </test> <!-- Default test -->
  </suite> <!-- Default suite -->
</testng-results>
